{"/Users/teleplay/Documents/ALX/alx-fe-reactjs/react-todo/src/components/TodoList.jsx": {"path":"/Users/teleplay/Documents/ALX/alx-fe-reactjs/react-todo/src/components/TodoList.jsx","statementMap":{"0":{"start":{"line":20,"column":17},"end":{"line":44,"column":1}},"1":{"start":{"line":21,"column":2},"end":{"line":43,"column":4}},"2":{"start":{"line":24,"column":8},"end":{"line":40,"column":13}},"3":{"start":{"line":26,"column":27},"end":{"line":26,"column":47}},"4":{"start":{"line":35,"column":27},"end":{"line":35,"column":47}}},"fnMap":{"0":{"name":"(anonymous_0)","decl":{"start":{"line":20,"column":17},"end":{"line":20,"column":18}},"loc":{"start":{"line":20,"column":58},"end":{"line":44,"column":1}},"line":20},"1":{"name":"(anonymous_1)","decl":{"start":{"line":23,"column":17},"end":{"line":23,"column":18}},"loc":{"start":{"line":24,"column":8},"end":{"line":40,"column":13}},"line":24},"2":{"name":"(anonymous_2)","decl":{"start":{"line":26,"column":21},"end":{"line":26,"column":22}},"loc":{"start":{"line":26,"column":27},"end":{"line":26,"column":47}},"line":26},"3":{"name":"(anonymous_3)","decl":{"start":{"line":35,"column":21},"end":{"line":35,"column":22}},"loc":{"start":{"line":35,"column":27},"end":{"line":35,"column":47}},"line":35}},"branchMap":{"0":{"loc":{"start":{"line":24,"column":51},"end":{"line":24,"column":91}},"type":"cond-expr","locations":[{"start":{"line":24,"column":68},"end":{"line":24,"column":82}},{"start":{"line":24,"column":85},"end":{"line":24,"column":91}}],"line":24},"1":{"loc":{"start":{"line":31,"column":52},"end":{"line":31,"column":84}},"type":"cond-expr","locations":[{"start":{"line":31,"column":69},"end":{"line":31,"column":76}},{"start":{"line":31,"column":79},"end":{"line":31,"column":84}}],"line":31},"2":{"loc":{"start":{"line":32,"column":13},"end":{"line":32,"column":47}},"type":"cond-expr","locations":[{"start":{"line":32,"column":30},"end":{"line":32,"column":38}},{"start":{"line":32,"column":41},"end":{"line":32,"column":47}}],"line":32}},"s":{"0":1,"1":6,"2":23,"3":2,"4":1},"f":{"0":6,"1":23,"2":2,"3":1},"b":{"0":[5,18],"1":[5,18],"2":[5,18]},"_coverageSchema":"1a1c01bbd47fc00a2c39e90264f33305004495a9","hash":"dfadfca2defbe007d4c5027fe61fededd902e37f"}
}
